<?xml version="1.0" encoding="utf-8"?><testsuites name="pytest tests"><testsuite name="pytest" errors="0" failures="0" skipped="0" tests="42" time="13.258" timestamp="2026-04-01T21:04:50.156425+00:00" hostname="agent-env-cd08df06-30a6-42f1-8ff5-e314535cc85c"><testcase classname="tests.test_refactored_endpoints.TestHealthAndRoot" name="test_root_endpoint" time="0.232" /><testcase classname="tests.test_refactored_endpoints.TestHealthAndRoot" name="test_health_endpoint" time="0.110" /><testcase classname="tests.test_refactored_endpoints.TestAuthRoutes" name="test_signup" time="0.696" /><testcase classname="tests.test_refactored_endpoints.TestAuthRoutes" name="test_login" time="0.764" /><testcase classname="tests.test_refactored_endpoints.TestAuthRoutes" name="test_login_invalid_credentials" time="0.118" /><testcase classname="tests.test_refactored_endpoints.TestAuthRoutes" name="test_get_me" time="0.139" /><testcase classname="tests.test_refactored_endpoints.TestAuthRoutes" name="test_refresh_token" time="0.134" /><testcase classname="tests.test_refactored_endpoints.TestAuthRoutes" name="test_login_2fa" time="0.392" /><testcase classname="tests.test_refactored_endpoints.TestAuthRoutes" name="test_password_reset_request" time="0.112" /><testcase classname="tests.test_refactored_endpoints.TestUserRoutes" name="test_update_user_profile" time="0.122" /><testcase classname="tests.test_refactored_endpoints.TestUserRoutes" name="test_complete_onboarding" time="0.117" /><testcase classname="tests.test_refactored_endpoints.TestProjectRoutes" name="test_create_project" time="0.105" /><testcase classname="tests.test_refactored_endpoints.TestProjectRoutes" name="test_list_projects" time="0.105" /><testcase classname="tests.test_refactored_endpoints.TestProjectRoutes" name="test_get_project" time="0.271" /><testcase classname="tests.test_refactored_endpoints.TestProjectRoutes" name="test_update_project" time="0.214" /><testcase classname="tests.test_refactored_endpoints.TestProjectRoutes" name="test_update_project_files" time="0.222" /><testcase classname="tests.test_refactored_endpoints.TestProjectRoutes" name="test_toggle_share" time="0.253" /><testcase classname="tests.test_refactored_endpoints.TestProjectRoutes" name="test_create_snapshot" time="0.249" /><testcase classname="tests.test_refactored_endpoints.TestProjectRoutes" name="test_list_snapshots" time="0.221" /><testcase classname="tests.test_refactored_endpoints.TestProjectRoutes" name="test_restore_snapshot" time="0.433" /><testcase classname="tests.test_refactored_endpoints.TestProjectRoutes" name="test_get_activity" time="0.243" /><testcase classname="tests.test_refactored_endpoints.TestProjectRoutes" name="test_save_message" time="0.232" /><testcase classname="tests.test_refactored_endpoints.TestProjectRoutes" name="test_get_messages" time="0.222" /><testcase classname="tests.test_refactored_endpoints.TestProjectRoutes" name="test_clear_messages" time="0.258" /><testcase classname="tests.test_refactored_endpoints.TestProjectRoutes" name="test_export_project" time="0.396" /><testcase classname="tests.test_refactored_endpoints.TestProjectRoutes" name="test_delete_project" time="0.373" /><testcase classname="tests.test_refactored_endpoints.TestSharedRoutes" name="test_get_shared_project" time="0.657" /><testcase classname="tests.test_refactored_endpoints.TestAIRoutes" name="test_get_ai_models" time="0.139" /><testcase classname="tests.test_refactored_endpoints.TestAIRoutes" name="test_ai_generate" time="0.245" /><testcase classname="tests.test_refactored_endpoints.TestDeploymentRoutes" name="test_deploy_project" time="0.272" /><testcase classname="tests.test_refactored_endpoints.TestDeploymentRoutes" name="test_list_deployments" time="0.112" /><testcase classname="tests.test_refactored_endpoints.TestDeploymentRoutes" name="test_get_deployment" time="0.422" /><testcase classname="tests.test_refactored_endpoints.TestDeploymentRoutes" name="test_delete_deployment" time="0.367" /><testcase classname="tests.test_refactored_endpoints.TestSubscriptionRoutes" name="test_get_plans" time="0.140" /><testcase classname="tests.test_refactored_endpoints.TestSubscriptionRoutes" name="test_create_checkout" time="0.112" /><testcase classname="tests.test_refactored_endpoints.TestSubscriptionRoutes" name="test_get_current_subscription" time="0.125" /><testcase classname="tests.test_refactored_endpoints.TestSubscriptionRoutes" name="test_webhook_endpoint" time="0.136" /><testcase classname="tests.test_refactored_endpoints.TestTemplateRoutes" name="test_get_prompt_templates" time="0.124" /><testcase classname="tests.test_refactored_endpoints.TestTemplateRoutes" name="test_get_templates" time="0.132" /><testcase classname="tests.test_refactored_endpoints.TestTemplateRoutes" name="test_get_template_by_id" time="0.118" /><testcase classname="tests.test_refactored_endpoints.TestTemplateRoutes" name="test_get_template_not_found" time="0.131" /><testcase classname="tests.test_refactored_endpoints.TestTemplateRoutes" name="test_create_project_from_template" time="3.064" /></testsuite></testsuites>