<?xml version="1.0" encoding="utf-8"?><testsuites name="pytest tests"><testsuite name="pytest" errors="0" failures="0" skipped="0" tests="23" time="6.543" timestamp="2026-03-18T00:11:36.761576+00:00" hostname="agent-env-796688c5-c90f-4c12-bf6f-53c3d26407f8"><testcase classname="backend.tests.test_new_features.TestShareProject" name="test_share_toggle_returns_share_id" time="0.809" /><testcase classname="backend.tests.test_new_features.TestShareProject" name="test_get_shared_project_public" time="0.281" /><testcase classname="backend.tests.test_new_features.TestShareProject" name="test_shared_project_increments_view_count" time="0.584" /><testcase classname="backend.tests.test_new_features.TestShareProject" name="test_shared_project_invalid_returns_404" time="0.154" /><testcase classname="backend.tests.test_new_features.TestConversationHistory" name="test_get_messages_returns_list" time="0.140" /><testcase classname="backend.tests.test_new_features.TestConversationHistory" name="test_save_message" time="0.140" /><testcase classname="backend.tests.test_new_features.TestConversationHistory" name="test_saved_message_persists" time="0.316" /><testcase classname="backend.tests.test_new_features.TestConversationHistory" name="test_clear_messages" time="0.312" /><testcase classname="backend.tests.test_new_features.TestPromptTemplates" name="test_get_prompt_templates_returns_8" time="0.171" /><testcase classname="backend.tests.test_new_features.TestPromptTemplates" name="test_prompt_templates_structure" time="0.342" /><testcase classname="backend.tests.test_new_features.TestProjectExport" name="test_export_returns_zip" time="0.291" /><testcase classname="backend.tests.test_new_features.TestProjectExport" name="test_export_empty_project_returns_400" time="0.490" /><testcase classname="backend.tests.test_new_features.TestActivityTimeline" name="test_get_activity_returns_list" time="0.141" /><testcase classname="backend.tests.test_new_features.TestActivityTimeline" name="test_activity_logged_on_share" time="0.293" /><testcase classname="backend.tests.test_new_features.TestActivityTimeline" name="test_activity_structure" time="0.138" /><testcase classname="backend.tests.test_new_features.TestVersionSnapshots" name="test_create_snapshot" time="0.139" /><testcase classname="backend.tests.test_new_features.TestVersionSnapshots" name="test_list_snapshots" time="0.134" /><testcase classname="backend.tests.test_new_features.TestVersionSnapshots" name="test_restore_snapshot" time="0.547" /><testcase classname="backend.tests.test_new_features.TestVersionSnapshots" name="test_restore_invalid_snapshot_returns_404" time="0.144" /><testcase classname="backend.tests.test_new_features.TestRegression" name="test_ai_generate_endpoint" time="0.134" /><testcase classname="backend.tests.test_new_features.TestRegression" name="test_sse_endpoint_requires_auth" time="0.134" /><testcase classname="backend.tests.test_new_features.TestRegression" name="test_auth_login" time="0.407" /><testcase classname="backend.tests.test_new_features.TestRegression" name="test_plans_endpoint" time="0.181" /></testsuite></testsuites>