<?xml version="1.0" encoding="utf-8"?><testsuites name="pytest tests"><testsuite name="pytest" errors="0" failures="0" skipped="0" tests="6" time="2.873" timestamp="2026-03-17T23:38:18.316705+00:00" hostname="agent-env-796688c5-c90f-4c12-bf6f-53c3d26407f8"><testcase classname="backend.tests.test_onboarding.TestOnboardingEndpoint" name="test_signup_creates_user_with_onboarding_false" time="0.533" /><testcase classname="backend.tests.test_onboarding.TestOnboardingEndpoint" name="test_complete_onboarding_endpoint" time="0.495" /><testcase classname="backend.tests.test_onboarding.TestOnboardingEndpoint" name="test_complete_onboarding_requires_auth" time="0.142" /><testcase classname="backend.tests.test_onboarding.TestOnboardingEndpoint" name="test_complete_onboarding_idempotent" time="0.515" /><testcase classname="backend.tests.test_onboarding.TestUserOnboardingState" name="test_login_returns_onboarding_state" time="0.678" /><testcase classname="backend.tests.test_onboarding.TestUserOnboardingState" name="test_auth_me_returns_onboarding_state" time="0.448" /></testsuite></testsuites>