<?xml version="1.0" encoding="utf-8"?><testsuites name="pytest tests"><testsuite name="pytest" errors="0" failures="0" skipped="0" tests="53" time="14.971" timestamp="2026-04-19T12:14:37.891843+00:00" hostname="agent-env-cd08df06-30a6-42f1-8ff5-e314535cc85c"><testcase classname="tests.test_autonomous_modules.TestRegressionEndpoints" name="test_health_endpoint" time="0.223" /><testcase classname="tests.test_autonomous_modules.TestRegressionEndpoints" name="test_login_endpoint" time="0.355" /><testcase classname="tests.test_autonomous_modules.TestRegressionEndpoints" name="test_projects_endpoint" time="0.448" /><testcase classname="tests.test_autonomous_modules.TestRegressionEndpoints" name="test_user_credits_endpoint" time="0.133" /><testcase classname="tests.test_autonomous_modules.TestRegressionEndpoints" name="test_credit_costs_endpoint" time="0.102" /><testcase classname="tests.test_autonomous_modules.TestRegressionEndpoints" name="test_payments_create_order" time="0.106" /><testcase classname="tests.test_autonomous_modules.TestGuardrails" name="test_validate_clean_code" time="0.436" /><testcase classname="tests.test_autonomous_modules.TestGuardrails" name="test_validate_lazy_code" time="0.103" /><testcase classname="tests.test_autonomous_modules.TestGuardrails" name="test_validate_credential_leak" time="0.100" /><testcase classname="tests.test_autonomous_modules.TestGuardrails" name="test_validate_hallucinated_lib" time="0.111" /><testcase classname="tests.test_autonomous_modules.TestGuardrails" name="test_validate_requires_code" time="0.117" /><testcase classname="tests.test_autonomous_modules.TestGuardrails" name="test_validate_project_files" time="0.416" /><testcase classname="tests.test_autonomous_modules.TestGuardrails" name="test_validate_project_not_found" time="0.116" /><testcase classname="tests.test_autonomous_modules.TestSandbox" name="test_execute_python_code" time="0.453" /><testcase classname="tests.test_autonomous_modules.TestSandbox" name="test_execute_javascript_code" time="0.128" /><testcase classname="tests.test_autonomous_modules.TestSandbox" name="test_execute_blocked_dangerous_code" time="0.101" /><testcase classname="tests.test_autonomous_modules.TestSandbox" name="test_execute_blocked_credentials" time="0.105" /><testcase classname="tests.test_autonomous_modules.TestSandbox" name="test_execute_requires_code" time="0.101" /><testcase classname="tests.test_autonomous_modules.TestSandbox" name="test_run_project_tests" time="0.432" /><testcase classname="tests.test_autonomous_modules.TestValidationLoop" name="test_validation_loop_basic" time="0.460" /><testcase classname="tests.test_autonomous_modules.TestValidationLoop" name="test_validation_loop_requires_code" time="0.101" /><testcase classname="tests.test_autonomous_modules.TestSnapshotManager" name="test_create_auto_snapshot" time="0.771" /><testcase classname="tests.test_autonomous_modules.TestSnapshotManager" name="test_list_snapshots" time="0.523" /><testcase classname="tests.test_autonomous_modules.TestSnapshotManager" name="test_list_snapshots_exclude_auto" time="0.443" /><testcase classname="tests.test_autonomous_modules.TestSnapshotManager" name="test_snapshot_diff" time="0.654" /><testcase classname="tests.test_autonomous_modules.TestSnapshotManager" name="test_rollback_to_snapshot" time="0.663" /><testcase classname="tests.test_autonomous_modules.TestSnapshotManager" name="test_snapshot_not_found" time="0.426" /><testcase classname="tests.test_autonomous_modules.TestContextPruning" name="test_rank_files_by_relevance" time="0.757" /><testcase classname="tests.test_autonomous_modules.TestContextPruning" name="test_prune_context" time="0.429" /><testcase classname="tests.test_autonomous_modules.TestContextPruning" name="test_rank_requires_prompt" time="0.431" /><testcase classname="tests.test_autonomous_modules.TestContextPruning" name="test_prune_requires_prompt" time="0.444" /><testcase classname="tests.test_autonomous_modules.TestDependencyGraph" name="test_build_dependency_graph" time="0.744" /><testcase classname="tests.test_autonomous_modules.TestDependencyGraph" name="test_get_affected_files" time="0.417" /><testcase classname="tests.test_autonomous_modules.TestDependencyGraph" name="test_affected_requires_changed_file" time="0.423" /><testcase classname="tests.test_autonomous_modules.TestDependencyGraph" name="test_deps_project_not_found" time="0.117" /><testcase classname="tests.test_autonomous_modules.TestFeedbackCollector" name="test_submit_feedback" time="0.430" /><testcase classname="tests.test_autonomous_modules.TestFeedbackCollector" name="test_submit_feedback_with_project" time="0.108" /><testcase classname="tests.test_autonomous_modules.TestFeedbackCollector" name="test_submit_feedback_invalid_rating" time="0.106" /><testcase classname="tests.test_autonomous_modules.TestFeedbackCollector" name="test_submit_feedback_requires_rating" time="0.103" /><testcase classname="tests.test_autonomous_modules.TestFeedbackCollector" name="test_get_feedback_stats" time="0.109" /><testcase classname="tests.test_autonomous_modules.TestFeedbackCollector" name="test_get_feedback_stats_by_project" time="0.138" /><testcase classname="tests.test_autonomous_modules.TestFeedbackCollector" name="test_get_recent_feedback" time="0.113" /><testcase classname="tests.test_autonomous_modules.TestFeedbackCollector" name="test_get_recent_feedback_with_limit" time="0.169" /><testcase classname="tests.test_autonomous_modules.TestRateLimitingAndCredits" name="test_sandbox_credit_deduction" time="0.667" /><testcase classname="tests.test_autonomous_modules.TestRateLimitingAndCredits" name="test_insufficient_credits_response_format" time="0.112" /><testcase classname="tests.test_autonomous_modules.TestRateLimitingAndCredits" name="test_rate_limit_response_format" time="0.119" /><testcase classname="tests.test_autonomous_modules.TestAuthenticationRequired" name="test_guardrails_requires_auth" time="0.099" /><testcase classname="tests.test_autonomous_modules.TestAuthenticationRequired" name="test_sandbox_requires_auth" time="0.111" /><testcase classname="tests.test_autonomous_modules.TestAuthenticationRequired" name="test_validation_loop_requires_auth" time="0.113" /><testcase classname="tests.test_autonomous_modules.TestAuthenticationRequired" name="test_snapshots_requires_auth" time="0.111" /><testcase classname="tests.test_autonomous_modules.TestAuthenticationRequired" name="test_context_requires_auth" time="0.115" /><testcase classname="tests.test_autonomous_modules.TestAuthenticationRequired" name="test_deps_requires_auth" time="0.119" /><testcase classname="tests.test_autonomous_modules.TestAuthenticationRequired" name="test_feedback_requires_auth" time="0.101" /></testsuite></testsuites>