<?xml version="1.0" encoding="utf-8"?><testsuites name="pytest tests"><testsuite name="pytest" errors="0" failures="0" skipped="0" tests="31" time="6.966" timestamp="2026-04-19T12:01:13.091914+00:00" hostname="agent-env-cd08df06-30a6-42f1-8ff5-e314535cc85c"><testcase classname="tests.test_jenga_migration.TestHealthAndRegression" name="test_health_endpoint" time="0.239" /><testcase classname="tests.test_jenga_migration.TestHealthAndRegression" name="test_root_endpoint" time="0.046" /><testcase classname="tests.test_jenga_migration.TestAuthRegression" name="test_signup_works" time="0.401" /><testcase classname="tests.test_jenga_migration.TestAuthRegression" name="test_login_works" time="0.269" /><testcase classname="tests.test_jenga_migration.TestAuthRegression" name="test_login_invalid_credentials" time="0.044" /><testcase classname="tests.test_jenga_migration.TestAuthRegression" name="test_me_endpoint" time="0.313" /><testcase classname="tests.test_jenga_migration.TestProjectsRegression" name="test_create_project" time="0.402" /><testcase classname="tests.test_jenga_migration.TestProjectsRegression" name="test_list_projects" time="0.047" /><testcase classname="tests.test_jenga_migration.TestSubscriptionPlans" name="test_get_plans" time="0.099" /><testcase classname="tests.test_jenga_migration.TestSubscriptionPlans" name="test_plans_have_correct_credits" time="0.046" /><testcase classname="tests.test_jenga_migration.TestJengaHQPayments" name="test_create_payment_order_demo_mode" time="0.382" /><testcase classname="tests.test_jenga_migration.TestJengaHQPayments" name="test_create_payment_order_invalid_plan" time="0.045" /><testcase classname="tests.test_jenga_migration.TestJengaHQPayments" name="test_create_payment_order_starter_rejected" time="0.058" /><testcase classname="tests.test_jenga_migration.TestJengaHQPayments" name="test_legacy_checkout_endpoint" time="0.046" /><testcase classname="tests.test_jenga_migration.TestJengaWebhook" name="test_webhook_accepts_payload" time="0.117" /><testcase classname="tests.test_jenga_migration.TestJengaWebhook" name="test_webhook_idempotent" time="0.106" /><testcase classname="tests.test_jenga_migration.TestSubscriptionManagement" name="test_get_current_subscription" time="0.393" /><testcase classname="tests.test_jenga_migration.TestSubscriptionManagement" name="test_cancel_subscription" time="0.050" /><testcase classname="tests.test_jenga_migration.TestUserCredits" name="test_get_user_credits" time="0.383" /><testcase classname="tests.test_jenga_migration.TestRecurringBilling" name="test_process_renewals_endpoint" time="0.125" /><testcase classname="tests.test_jenga_migration.TestAICreditCosts" name="test_get_credit_costs" time="0.101" /><testcase classname="tests.test_jenga_migration.TestAIModels" name="test_get_ai_models" time="0.104" /><testcase classname="tests.test_jenga_migration.TestAIExecuteWithCredits" name="test_ai_execute_requires_auth" time="0.107" /><testcase classname="tests.test_jenga_migration.TestAIExecuteWithCredits" name="test_ai_execute_with_credits" time="0.312" /><testcase classname="tests.test_jenga_migration.TestAIExecuteWithCredits" name="test_ai_execute_requires_prompt" time="0.044" /><testcase classname="tests.test_jenga_migration.TestAIGenerateWithCredits" name="test_ai_generate_requires_auth" time="0.106" /><testcase classname="tests.test_jenga_migration.TestAIGenerateWithCredits" name="test_ai_generate_with_credits" time="0.371" /><testcase classname="tests.test_jenga_migration.TestRateLimiting" name="test_rate_limit_response_format" time="1.070" /><testcase classname="tests.test_jenga_migration.TestInsufficientCredits" name="test_insufficient_credits_response_format" time="0.407" /><testcase classname="tests.test_jenga_migration.TestNoStripeReferences" name="test_plans_no_stripe_fields" time="0.147" /><testcase classname="tests.test_jenga_migration.TestNoStripeReferences" name="test_user_no_stripe_fields" time="0.418" /></testsuite></testsuites>