<?xml version="1.0" encoding="utf-8"?><testsuites name="pytest tests"><testsuite name="pytest" errors="0" failures="0" skipped="0" tests="12" time="2.723" timestamp="2026-03-18T17:05:41.738050+00:00" hostname="agent-env-cd08df06-30a6-42f1-8ff5-e314535cc85c"><testcase classname="backend.tests.test_auth_oauth.TestHealthCheck" name="test_health_endpoint" time="0.230" /><testcase classname="backend.tests.test_auth_oauth.TestGoogleOAuth" name="test_google_login_endpoint_exists" time="0.145" /><testcase classname="backend.tests.test_auth_oauth.TestGoogleOAuth" name="test_google_callback_with_invalid_code" time="0.134" /><testcase classname="backend.tests.test_auth_oauth.TestGoogleOAuth" name="test_google_callback_missing_code" time="0.147" /><testcase classname="backend.tests.test_auth_oauth.TestGitHubOAuth" name="test_github_login_returns_proper_error" time="0.134" /><testcase classname="backend.tests.test_auth_oauth.TestEmailPasswordAuth" name="test_login_success" time="0.355" /><testcase classname="backend.tests.test_auth_oauth.TestEmailPasswordAuth" name="test_login_invalid_credentials" time="0.145" /><testcase classname="backend.tests.test_auth_oauth.TestEmailPasswordAuth" name="test_signup_success" time="0.372" /><testcase classname="backend.tests.test_auth_oauth.TestEmailPasswordAuth" name="test_signup_duplicate_email" time="0.212" /><testcase classname="backend.tests.test_auth_oauth.TestAuthMe" name="test_auth_me_with_valid_token" time="0.497" /><testcase classname="backend.tests.test_auth_oauth.TestAuthMe" name="test_auth_me_without_token" time="0.156" /><testcase classname="backend.tests.test_auth_oauth.TestAuthMe" name="test_auth_me_with_invalid_token" time="0.139" /></testsuite></testsuites>