<?xml version="1.0" encoding="utf-8"?><testsuites name="pytest tests"><testsuite name="pytest" errors="0" failures="0" skipped="0" tests="12" time="2.304" timestamp="2026-03-17T23:29:22.533644+00:00" hostname="agent-env-796688c5-c90f-4c12-bf6f-53c3d26407f8"><testcase classname="backend.tests.test_2fa_password_reset.Test2FAEndpoints" name="test_2fa_enable_without_auth" time="0.186" /><testcase classname="backend.tests.test_2fa_password_reset.Test2FAEndpoints" name="test_2fa_enable_returns_qr_and_secret" time="0.431" /><testcase classname="backend.tests.test_2fa_password_reset.Test2FAEndpoints" name="test_2fa_verify_with_valid_code" time="0.072" /><testcase classname="backend.tests.test_2fa_password_reset.Test2FAEndpoints" name="test_2fa_verify_with_invalid_code" time="0.079" /><testcase classname="backend.tests.test_2fa_password_reset.Test2FAEndpoints" name="test_login_requires_2fa_when_enabled" time="0.285" /><testcase classname="backend.tests.test_2fa_password_reset.Test2FAEndpoints" name="test_login_2fa_with_valid_code" time="0.292" /><testcase classname="backend.tests.test_2fa_password_reset.Test2FAEndpoints" name="test_login_2fa_with_invalid_code" time="0.285" /><testcase classname="backend.tests.test_2fa_password_reset.Test2FAEndpoints" name="test_2fa_disable_with_valid_code" time="0.080" /><testcase classname="backend.tests.test_2fa_password_reset.TestPasswordReset" name="test_password_reset_request_success" time="0.352" /><testcase classname="backend.tests.test_2fa_password_reset.TestPasswordReset" name="test_password_reset_request_nonexistent_email" time="0.061" /><testcase classname="backend.tests.test_2fa_password_reset.TestPasswordReset" name="test_password_reset_confirm_invalid_token" time="0.069" /><testcase classname="backend.tests.test_2fa_password_reset.TestPasswordReset" name="test_password_reset_confirm_short_password" time="0.058" /></testsuite></testsuites>