<?xml version="1.0" encoding="utf-8"?><testsuites name="pytest tests"><testsuite name="pytest" errors="0" failures="0" skipped="0" tests="18" time="49.663" timestamp="2026-04-19T12:35:03.378880+00:00" hostname="agent-env-cd08df06-30a6-42f1-8ff5-e314535cc85c"><testcase classname="backend.tests.test_deployment_storage.TestDeploymentStorage" name="test_deploy_uploads_files_to_storage" time="1.062" /><testcase classname="backend.tests.test_deployment_storage.TestDeploymentStorage" name="test_deploy_generates_index_html_if_missing" time="1.144" /><testcase classname="backend.tests.test_deployment_storage.TestDeploymentStorage" name="test_deploy_requires_verified_email" time="1.228" /><testcase classname="backend.tests.test_deployment_storage.TestPreviewEndpoints" name="test_preview_serves_html_with_correct_content_type" time="32.960" /><testcase classname="backend.tests.test_deployment_storage.TestPreviewEndpoints" name="test_preview_serves_css_with_correct_content_type" time="3.494" /><testcase classname="backend.tests.test_deployment_storage.TestPreviewEndpoints" name="test_preview_serves_js_with_correct_content_type" time="1.425" /><testcase classname="backend.tests.test_deployment_storage.TestPreviewEndpoints" name="test_preview_returns_404_for_nonexistent_file" time="1.505" /><testcase classname="backend.tests.test_deployment_storage.TestPreviewEndpoints" name="test_preview_returns_404_for_invalid_deployment" time="1.412" /><testcase classname="backend.tests.test_deployment_storage.TestDeploymentCRUD" name="test_list_deployments" time="0.726" /><testcase classname="backend.tests.test_deployment_storage.TestDeploymentCRUD" name="test_get_deployment_details" time="0.686" /><testcase classname="backend.tests.test_deployment_storage.TestDeploymentCRUD" name="test_delete_deployment_resets_project_status" time="0.780" /><testcase classname="backend.tests.test_deployment_storage.TestRegressionEndpoints" name="test_health_endpoint" time="0.433" /><testcase classname="backend.tests.test_deployment_storage.TestRegressionEndpoints" name="test_login_endpoint" time="0.654" /><testcase classname="backend.tests.test_deployment_storage.TestRegressionEndpoints" name="test_create_project_for_verified_user" time="0.472" /><testcase classname="backend.tests.test_deployment_storage.TestRegressionEndpoints" name="test_update_project_files" time="0.464" /><testcase classname="backend.tests.test_deployment_storage.TestRegressionEndpoints" name="test_user_credits_endpoint" time="0.375" /><testcase classname="backend.tests.test_deployment_storage.TestRegressionEndpoints" name="test_payments_create_order" time="0.381" /><testcase classname="backend.tests.test_deployment_storage.TestRegressionEndpoints" name="test_guardrails_validate" time="0.374" /></testsuite></testsuites>