<?xml version="1.0" encoding="utf-8"?><testsuites name="pytest tests"><testsuite name="pytest" errors="0" failures="0" skipped="0" tests="16" time="5.191" timestamp="2026-03-18T16:08:14.551092+00:00" hostname="agent-env-796688c5-c90f-4c12-bf6f-53c3d26407f8"><testcase classname="tests.test_webhook_legal_demo.TestStripeWebhook" name="test_webhook_checkout_completed" time="0.151" /><testcase classname="tests.test_webhook_legal_demo.TestStripeWebhook" name="test_webhook_idempotency_duplicate" time="0.242" /><testcase classname="tests.test_webhook_legal_demo.TestStripeWebhook" name="test_webhook_invoice_payment_succeeded" time="0.108" /><testcase classname="tests.test_webhook_legal_demo.TestStripeWebhook" name="test_webhook_invoice_payment_failed" time="0.140" /><testcase classname="tests.test_webhook_legal_demo.TestStripeWebhook" name="test_webhook_subscription_deleted" time="0.113" /><testcase classname="tests.test_webhook_legal_demo.TestStripeWebhook" name="test_webhook_subscription_updated" time="0.130" /><testcase classname="tests.test_webhook_legal_demo.TestAIDemoMode" name="test_ai_generate_demo_mode" time="0.601" /><testcase classname="tests.test_webhook_legal_demo.TestAIModels" name="test_get_ai_models" time="0.113" /><testcase classname="tests.test_webhook_legal_demo.TestRegressionEndpoints" name="test_login_works" time="0.332" /><testcase classname="tests.test_webhook_legal_demo.TestRegressionEndpoints" name="test_get_projects" time="0.489" /><testcase classname="tests.test_webhook_legal_demo.TestRegressionEndpoints" name="test_get_subscription_plans" time="0.121" /><testcase classname="tests.test_webhook_legal_demo.TestRegressionEndpoints" name="test_prompt_templates" time="0.170" /><testcase classname="tests.test_webhook_legal_demo.TestRegressionEndpoints" name="test_share_feature" time="0.631" /><testcase classname="tests.test_webhook_legal_demo.TestRegressionEndpoints" name="test_export_feature" time="0.564" /><testcase classname="tests.test_webhook_legal_demo.TestRegressionEndpoints" name="test_snapshots_feature" time="0.565" /><testcase classname="tests.test_webhook_legal_demo.TestRegressionEndpoints" name="test_activity_feature" time="0.635" /></testsuite></testsuites>