<?xml version="1.0" encoding="utf-8"?><testsuites name="pytest tests"><testsuite name="pytest" errors="0" failures="0" skipped="0" tests="27" time="4.290" timestamp="2026-04-19T12:25:46.804715+00:00" hostname="agent-env-cd08df06-30a6-42f1-8ff5-e314535cc85c"><testcase classname="backend.tests.test_email_verification.TestEmailVerificationSetup" name="test_health_check" time="0.216" /><testcase classname="backend.tests.test_email_verification.TestEmailVerificationSetup" name="test_signup_creates_unverified_user" time="0.314" /><testcase classname="backend.tests.test_email_verification.TestUnverifiedUserLogin" name="test_login_works_for_unverified_user" time="0.328" /><testcase classname="backend.tests.test_email_verification.TestUnverifiedUserLogin" name="test_get_me_returns_email_verified_field" time="0.046" /><testcase classname="backend.tests.test_email_verification.TestUnverifiedUser403Enforcement" name="test_unverified_user_403_on_create_project" time="0.382" /><testcase classname="backend.tests.test_email_verification.TestUnverifiedUser403Enforcement" name="test_unverified_user_403_on_ai_generate" time="0.044" /><testcase classname="backend.tests.test_email_verification.TestUnverifiedUser403Enforcement" name="test_unverified_user_403_on_ai_execute" time="0.045" /><testcase classname="backend.tests.test_email_verification.TestUnverifiedUser403Enforcement" name="test_unverified_user_403_on_sandbox_execute" time="0.062" /><testcase classname="backend.tests.test_email_verification.TestUnverifiedUser403Enforcement" name="test_unverified_user_403_on_validate_loop" time="0.053" /><testcase classname="backend.tests.test_email_verification.TestUnverifiedUser403Enforcement" name="test_unverified_user_403_on_deploy" time="0.045" /><testcase classname="backend.tests.test_email_verification.TestUnverifiedUserReadAllowed" name="test_unverified_user_can_get_projects" time="0.374" /><testcase classname="backend.tests.test_email_verification.TestUnverifiedUserReadAllowed" name="test_unverified_user_can_get_credits" time="0.047" /><testcase classname="backend.tests.test_email_verification.TestUnverifiedUserReadAllowed" name="test_unverified_user_can_get_plans" time="0.045" /><testcase classname="backend.tests.test_email_verification.TestUnverifiedUserReadAllowed" name="test_unverified_user_can_get_feedback_stats" time="0.048" /><testcase classname="backend.tests.test_email_verification.TestResendVerification" name="test_resend_verification_endpoint_exists" time="0.392" /><testcase classname="backend.tests.test_email_verification.TestGoogleOAuth" name="test_google_oauth_redirect" time="0.128" /><testcase classname="backend.tests.test_email_verification.TestGoogleOAuth" name="test_google_callback_endpoint_exists" time="0.131" /><testcase classname="backend.tests.test_email_verification.TestVerifiedUserRegression" name="test_verified_user_is_verified" time="0.406" /><testcase classname="backend.tests.test_email_verification.TestVerifiedUserRegression" name="test_verified_user_can_create_project" time="0.050" /><testcase classname="backend.tests.test_email_verification.TestVerifiedUserRegression" name="test_verified_user_can_use_ai_execute" time="0.053" /><testcase classname="backend.tests.test_email_verification.TestVerifiedUserRegression" name="test_verified_user_can_use_sandbox" time="0.063" /><testcase classname="backend.tests.test_email_verification.TestRegressionEndpoints" name="test_health_endpoint" time="0.107" /><testcase classname="backend.tests.test_email_verification.TestRegressionEndpoints" name="test_ai_models_endpoint" time="0.312" /><testcase classname="backend.tests.test_email_verification.TestRegressionEndpoints" name="test_plans_endpoint" time="0.043" /><testcase classname="backend.tests.test_email_verification.TestRegressionEndpoints" name="test_payments_create_order" time="0.046" /><testcase classname="backend.tests.test_email_verification.TestRegressionEndpoints" name="test_feedback_endpoint" time="0.046" /><testcase classname="backend.tests.test_email_verification.Test403ResponseFormat" name="test_403_response_includes_descriptive_message" time="0.361" /></testsuite></testsuites>