<?xml version="1.0" encoding="utf-8"?><testsuites name="pytest tests"><testsuite name="pytest" errors="0" failures="0" skipped="0" tests="11" time="5.050" timestamp="2026-03-17T23:55:19.847563+00:00" hostname="agent-env-796688c5-c90f-4c12-bf6f-53c3d26407f8"><testcase classname="backend.tests.test_ai_generation.TestAIModels" name="test_get_ai_models_returns_3_grok_models" time="0.190" /><testcase classname="backend.tests.test_ai_generation.TestAIGenerate" name="test_generate_requires_authentication" time="0.135" /><testcase classname="backend.tests.test_ai_generation.TestAIGenerate" name="test_generate_code_demo_mode" time="0.721" /><testcase classname="backend.tests.test_ai_generation.TestAIGenerate" name="test_generate_returns_parsed_files" time="0.128" /><testcase classname="backend.tests.test_ai_generation.TestAIGenerate" name="test_generate_deducts_credits" time="0.592" /><testcase classname="backend.tests.test_ai_generation.TestAIGenerate" name="test_generate_saves_files_to_project" time="0.478" /><testcase classname="backend.tests.test_ai_generation.TestAIGenerateStream" name="test_stream_requires_token_param" time="0.693" /><testcase classname="backend.tests.test_ai_generation.TestAIGenerateStream" name="test_stream_auth_via_token_param" time="0.344" /><testcase classname="backend.tests.test_ai_generation.TestAIGenerateStream" name="test_stream_sends_agent_events" time="0.270" /><testcase classname="backend.tests.test_ai_generation.TestAIGenerateStream" name="test_stream_saves_files_after_completion" time="0.282" /><testcase classname="backend.tests.test_ai_generation.TestInsufficientCredits" name="test_generate_returns_402_insufficient_credits" time="1.097" /></testsuite></testsuites>