<?xml version="1.0" encoding="utf-8"?><testsuites name="pytest tests"><testsuite name="pytest" errors="0" failures="0" skipped="0" tests="11" time="2.736" timestamp="2026-03-17T22:11:45.845436+00:00" hostname="agent-env-e15f9f5e-ab9b-4bea-bf96-a59a9dc0e3dd"><testcase classname="backend.tests.test_auth_oauth.TestHealthCheck" name="test_health_endpoint" time="0.173" /><testcase classname="backend.tests.test_auth_oauth.TestGoogleOAuth" name="test_google_session_endpoint_exists" time="0.327" /><testcase classname="backend.tests.test_auth_oauth.TestGoogleOAuth" name="test_google_session_missing_session_id" time="0.171" /><testcase classname="backend.tests.test_auth_oauth.TestGitHubOAuth" name="test_github_login_returns_proper_error" time="0.178" /><testcase classname="backend.tests.test_auth_oauth.TestEmailPasswordAuth" name="test_login_success" time="0.377" /><testcase classname="backend.tests.test_auth_oauth.TestEmailPasswordAuth" name="test_login_invalid_credentials" time="0.118" /><testcase classname="backend.tests.test_auth_oauth.TestEmailPasswordAuth" name="test_signup_success" time="0.400" /><testcase classname="backend.tests.test_auth_oauth.TestEmailPasswordAuth" name="test_signup_duplicate_email" time="0.145" /><testcase classname="backend.tests.test_auth_oauth.TestAuthMe" name="test_auth_me_with_valid_token" time="0.525" /><testcase classname="backend.tests.test_auth_oauth.TestAuthMe" name="test_auth_me_without_token" time="0.108" /><testcase classname="backend.tests.test_auth_oauth.TestAuthMe" name="test_auth_me_with_invalid_token" time="0.105" /></testsuite></testsuites>