<?xml version="1.0" encoding="utf-8"?><testsuites name="pytest tests"><testsuite name="pytest" errors="0" failures="0" skipped="0" tests="16" time="8.702" timestamp="2026-03-17T20:58:00.082982+00:00" hostname="agent-env-e15f9f5e-ab9b-4bea-bf96-a59a9dc0e3dd"><testcase classname="tests.test_cursorcode_api.TestHealthAndRoot" name="test_health_endpoint" time="0.323" /><testcase classname="tests.test_cursorcode_api.TestHealthAndRoot" name="test_root_endpoint" time="0.139" /><testcase classname="tests.test_cursorcode_api.TestPlansAndModels" name="test_get_plans" time="0.116" /><testcase classname="tests.test_cursorcode_api.TestPlansAndModels" name="test_get_ai_models" time="0.116" /><testcase classname="tests.test_cursorcode_api.TestAuthentication" name="test_login_success" time="0.594" /><testcase classname="tests.test_cursorcode_api.TestAuthentication" name="test_login_invalid_credentials" time="0.211" /><testcase classname="tests.test_cursorcode_api.TestAuthentication" name="test_get_current_user" time="0.528" /><testcase classname="tests.test_cursorcode_api.TestProjects" name="test_create_project" time="0.608" /><testcase classname="tests.test_cursorcode_api.TestProjects" name="test_list_projects" time="0.500" /><testcase classname="tests.test_cursorcode_api.TestProjects" name="test_get_project" time="0.599" /><testcase classname="tests.test_cursorcode_api.TestProjects" name="test_delete_project" time="0.768" /><testcase classname="tests.test_cursorcode_api.TestAIGeneration" name="test_ai_build_demo_response" time="0.494" /><testcase classname="tests.test_cursorcode_api.TestSubscriptions" name="test_get_current_subscription" time="0.508" /><testcase classname="tests.test_cursorcode_api.TestSubscriptions" name="test_create_checkout_demo_mode" time="0.571" /><testcase classname="tests.test_cursorcode_api.TestDeployment" name="test_deploy_project" time="0.689" /><testcase classname="tests.test_cursorcode_api.TestDeployment" name="test_list_deployments" time="1.796" /></testsuite></testsuites>